4.10.2021, 16:12:32 - INFO - Server is running on port: 3030
4.10.2021, 16:13:03 - INFO - Req!!!
4.10.2021, 16:14:45 - INFO - Req!!!
4.10.2021, 16:14:53 - INFO - Req!!!
4.10.2021, 17:10:41 - INFO - Server is running on port: 3030
4.10.2021, 17:10:42 - INFO - Req!!!
4.10.2021, 17:33:26 - INFO - Server is running on port: 3030
4.10.2021, 17:36:00 - INFO - Req!!!
4.10.2021, 17:36:08 - INFO - Req!!!
4.10.2021, 17:36:17 - INFO - Req!!!
4.10.2021, 17:37:10 - INFO - Req!!!
4.10.2021, 17:37:17 - DEBUG - auth.service - login with username: matan
4.10.2021, 17:37:17 - INFO - Req!!!
4.10.2021, 17:37:17 - ERROR - Failed to Login Invalid username or password
4.10.2021, 17:37:27 - DEBUG - auth.service - signup with username: matan2, fullname: matan2
4.10.2021, 17:37:27 - INFO - Req!!!
4.10.2021, 17:37:27 - DEBUG - auth.route - new account created: {"username":"matan2","password":"$2b$10$5TsywVz4gnzCTZ19dagW5OK3DfDl1xZ/rvfHmEnF4Q3OZvCIws03O","fullname":"matan2","score":0,"_id":"615b11a7b90e656a24a713f5"}
4.10.2021, 17:37:27 - DEBUG - auth.service - login with username: matan2
4.10.2021, 17:37:43 - DEBUG - auth.service - login with username: matan2
4.10.2021, 17:37:43 - INFO - Req!!!
4.10.2021, 17:37:43 - INFO - Req from: matan2
4.10.2021, 17:48:58 - INFO - Req!!!
4.10.2021, 17:48:58 - INFO - Req from: matan2
4.10.2021, 17:49:19 - DEBUG - auth.service - login with username: matan2
4.10.2021, 17:49:19 - INFO - Req!!!
4.10.2021, 17:49:26 - INFO - Req!!!
4.10.2021, 17:49:29 - INFO - Req!!!
4.10.2021, 20:13:34 - INFO - Server is running on port: 3030
4.10.2021, 20:52:26 - DEBUG - auth.service - signup with username: bcd, fullname: BCD
4.10.2021, 20:52:26 - ERROR - Failed to signup User already exist
4.10.2021, 20:52:50 - INFO - Req!!!
4.10.2021, 20:52:51 - DEBUG - auth.service - signup with username: bcd, fullname: BCD
4.10.2021, 20:52:51 - ERROR - Failed to signup User already exist
4.10.2021, 20:55:03 - INFO - Req!!!
4.10.2021, 20:55:18 - DEBUG - auth.service - signup with username: bcd, fullname: BCD
4.10.2021, 20:55:18 - ERROR - Failed to signup User already exist
4.10.2021, 20:58:31 - INFO - Req!!!
4.10.2021, 20:58:33 - INFO - Req!!!
4.10.2021, 20:58:41 - INFO - Req!!!
4.10.2021, 20:58:45 - DEBUG - auth.service - login with username: matan2
4.10.2021, 20:58:45 - INFO - Req!!!
4.10.2021, 21:02:10 - INFO - Req!!!
4.10.2021, 21:02:10 - INFO - Req from: matan2
4.10.2021, 21:02:11 - INFO - Req!!!
4.10.2021, 21:02:11 - INFO - Req from: matan2
4.10.2021, 21:02:16 - INFO - Req!!!
4.10.2021, 21:02:16 - INFO - Req from: matan2
4.10.2021, 21:07:16 - INFO - Req!!!
4.10.2021, 21:07:16 - INFO - Req from: matan2
4.10.2021, 21:07:52 - INFO - Server is running on port: 3030
4.10.2021, 21:10:39 - DEBUG - auth.service - login with username: matan2
4.10.2021, 21:10:39 - INFO - Req!!!
4.10.2021, 21:16:12 - INFO - Req!!!
4.10.2021, 21:16:12 - INFO - Req from: matan2
4.10.2021, 21:16:14 - INFO - Req!!!
4.10.2021, 21:16:14 - INFO - Req from: matan2
4.10.2021, 21:20:28 - INFO - Req!!!
4.10.2021, 21:20:28 - INFO - Req from: matan2
4.10.2021, 21:20:30 - INFO - Req!!!
4.10.2021, 21:20:30 - INFO - Req from: matan2
4.10.2021, 21:27:39 - INFO - Req!!!
4.10.2021, 21:27:39 - INFO - Req from: matan2
4.10.2021, 21:27:41 - INFO - Req!!!
4.10.2021, 21:27:41 - INFO - Req from: matan2
4.10.2021, 21:29:27 - INFO - Req!!!
4.10.2021, 21:29:27 - INFO - Req from: matan2
4.10.2021, 21:29:29 - INFO - Req!!!
4.10.2021, 21:29:29 - INFO - Req from: matan2
4.10.2021, 21:31:52 - INFO - Req!!!
4.10.2021, 21:31:52 - INFO - Req from: matan2
4.10.2021, 21:32:43 - INFO - Req!!!
4.10.2021, 21:32:43 - INFO - Req from: matan2
4.10.2021, 21:34:38 - INFO - Req!!!
4.10.2021, 21:34:38 - INFO - Req from: matan2
4.10.2021, 21:34:42 - INFO - Req!!!
4.10.2021, 21:34:42 - INFO - Req from: matan2
4.10.2021, 21:50:33 - INFO - Req!!!
4.10.2021, 21:50:33 - INFO - Req from: matan2
4.10.2021, 21:50:35 - INFO - Req!!!
4.10.2021, 21:50:35 - INFO - Req from: matan2
4.10.2021, 22:01:07 - INFO - Server is running on port: 3030
4.10.2021, 22:58:36 - INFO - Req!!!
4.10.2021, 22:58:41 - INFO - Req!!!
4.10.2021, 22:58:52 - INFO - Req!!!
4.10.2021, 22:59:00 - DEBUG - auth.service - login with username: matan2
4.10.2021, 22:59:00 - INFO - Req!!!
4.10.2021, 22:59:11 - INFO - Req!!!
4.10.2021, 22:59:15 - INFO - Req!!!
4.10.2021, 22:59:17 - INFO - Req!!!
4.10.2021, 22:59:25 - DEBUG - auth.service - login with username: matan2
4.10.2021, 22:59:25 - INFO - Req!!!
4.10.2021, 23:15:10 - INFO - Req!!!
4.10.2021, 23:15:10 - INFO - Req from: matan2
4.10.2021, 23:15:15 - INFO - Req!!!
4.10.2021, 23:15:15 - INFO - Req from: matan2
4.10.2021, 23:19:17 - INFO - Req!!!
4.10.2021, 23:19:17 - INFO - Req from: matan2
4.10.2021, 23:19:22 - INFO - Req!!!
4.10.2021, 23:19:22 - INFO - Req from: matan2
4.10.2021, 23:26:52 - INFO - Req!!!
4.10.2021, 23:26:52 - INFO - Req from: matan2
4.10.2021, 23:26:54 - INFO - Req!!!
4.10.2021, 23:26:54 - INFO - Req from: matan2
5.10.2021, 11:04:16 - INFO - Server is running on port: 3030
5.10.2021, 11:04:17 - INFO - Req!!!
5.10.2021, 11:04:20 - INFO - Req!!!
5.10.2021, 12:48:20 - INFO - Server is running on port: 3030
5.10.2021, 12:48:25 - DEBUG - auth.service - login with username: guest
5.10.2021, 12:48:25 - ERROR - Failed to Login Invalid username or password
5.10.2021, 12:49:43 - INFO - Req!!!
5.10.2021, 12:49:47 - INFO - Req!!!
5.10.2021, 12:49:51 - DEBUG - auth.service - login with username: guest
5.10.2021, 12:49:51 - ERROR - Failed to Login Invalid username or password
5.10.2021, 12:50:12 - INFO - Req!!!
5.10.2021, 12:50:13 - DEBUG - auth.service - login with username: guest
5.10.2021, 12:50:13 - ERROR - Failed to Login Invalid username or password
5.10.2021, 12:51:31 - INFO - Req!!!
5.10.2021, 12:51:32 - DEBUG - auth.service - login with username: guest
5.10.2021, 12:51:32 - ERROR - Failed to Login Invalid username or password
5.10.2021, 12:51:39 - INFO - Req!!!
5.10.2021, 12:51:42 - DEBUG - auth.service - login with username: guest
5.10.2021, 12:51:42 - ERROR - Failed to Login Invalid username or password
5.10.2021, 12:52:10 - INFO - Req!!!
5.10.2021, 12:52:12 - DEBUG - auth.service - login with username: guest
5.10.2021, 12:52:12 - ERROR - Failed to Login Invalid username or password
5.10.2021, 12:52:13 - INFO - Req!!!
5.10.2021, 12:52:14 - DEBUG - auth.service - login with username: guest
5.10.2021, 12:52:14 - ERROR - Failed to Login Invalid username or password
5.10.2021, 12:52:15 - INFO - Req!!!
5.10.2021, 12:52:16 - DEBUG - auth.service - login with username: guest
5.10.2021, 12:52:16 - ERROR - Failed to Login Invalid username or password
5.10.2021, 12:52:29 - INFO - Req!!!
5.10.2021, 12:52:31 - DEBUG - auth.service - login with username: guest
5.10.2021, 12:52:31 - ERROR - Failed to Login Invalid username or password
5.10.2021, 12:55:34 - DEBUG - auth.service - login with username: guest
5.10.2021, 12:55:34 - ERROR - Failed to Login Invalid username or password
5.10.2021, 13:01:12 - DEBUG - auth.service - login with username: guest
5.10.2021, 13:01:12 - ERROR - Failed to Login Invalid username or password
5.10.2021, 13:01:21 - DEBUG - auth.service - login with username: guest
5.10.2021, 13:01:21 - ERROR - Failed to Login Invalid username or password
5.10.2021, 13:02:08 - INFO - Req!!!
5.10.2021, 13:04:30 - INFO - Req!!!
5.10.2021, 13:04:41 - INFO - Req!!!
5.10.2021, 13:04:43 - DEBUG - auth.service - login with username: guest
5.10.2021, 13:04:43 - ERROR - Failed to Login Invalid username or password
5.10.2021, 13:04:44 - DEBUG - auth.service - login with username: guest
5.10.2021, 13:04:44 - ERROR - Failed to Login Invalid username or password
5.10.2021, 13:05:22 - DEBUG - auth.service - login with username: guest
5.10.2021, 13:05:22 - ERROR - Failed to Login Invalid username or password
5.10.2021, 13:05:22 - INFO - Req!!!
5.10.2021, 13:07:49 - INFO - Server is running on port: 3030
5.10.2021, 13:08:11 - INFO - Server is running on port: 3030
5.10.2021, 14:27:55 - DEBUG - auth.service - login with username: guest
5.10.2021, 14:27:55 - ERROR - Failed to Login Invalid username or password
5.10.2021, 14:27:56 - DEBUG - auth.service - login with username: guest
5.10.2021, 14:27:56 - ERROR - Failed to Login Invalid username or password
5.10.2021, 15:32:30 - INFO - Req!!!
5.10.2021, 15:32:31 - DEBUG - auth.service - login with username: guest
5.10.2021, 15:32:31 - ERROR - Failed to Login Invalid username or password
5.10.2021, 15:32:36 - DEBUG - auth.service - login with username: guest
5.10.2021, 15:32:36 - ERROR - Failed to Login Invalid username or password
5.10.2021, 15:32:36 - INFO - Req!!!
5.10.2021, 15:32:40 - DEBUG - auth.service - login with username: guest
5.10.2021, 15:32:40 - ERROR - Failed to Login Invalid username or password
5.10.2021, 15:32:40 - INFO - Req!!!
5.10.2021, 15:32:56 - DEBUG - auth.service - login with username: guest
5.10.2021, 15:32:56 - ERROR - Failed to Login Invalid username or password
5.10.2021, 15:32:56 - INFO - Req!!!
5.10.2021, 15:32:59 - INFO - Req!!!
5.10.2021, 15:33:00 - DEBUG - auth.service - login with username: guest
5.10.2021, 15:33:00 - ERROR - Failed to Login Invalid username or password
5.10.2021, 15:33:09 - DEBUG - auth.service - login with username: guest
5.10.2021, 15:33:09 - ERROR - Failed to Login Invalid username or password
5.10.2021, 15:33:09 - INFO - Req!!!
5.10.2021, 15:33:10 - INFO - Req!!!
5.10.2021, 15:52:30 - DEBUG - auth.service - login with username: guest
5.10.2021, 15:52:30 - ERROR - Failed to Login Invalid username or password
5.10.2021, 15:52:32 - INFO - Req!!!
5.10.2021, 15:52:34 - DEBUG - auth.service - login with username: guest
5.10.2021, 15:52:34 - ERROR - Failed to Login Invalid username or password
5.10.2021, 16:26:12 - INFO - Server is running on port: 3030
5.10.2021, 16:26:14 - DEBUG - auth.service - login with username: guest
5.10.2021, 16:26:14 - DEBUG - auth.service - login with username: guest
5.10.2021, 16:26:14 - ERROR - Failed to Login Invalid username or password
5.10.2021, 16:26:14 - ERROR - Failed to Login Invalid username or password
5.10.2021, 17:55:58 - INFO - Req!!!
5.10.2021, 17:55:58 - DEBUG - auth.service - login with username: guest
5.10.2021, 17:55:59 - ERROR - Failed to Login Invalid username or password
5.10.2021, 18:05:18 - DEBUG - auth.service - login with username: guest
5.10.2021, 18:05:18 - ERROR - Failed to Login Invalid username or password
5.10.2021, 18:05:50 - INFO - Req!!!
5.10.2021, 18:07:16 - DEBUG - auth.service - login with username: guest
5.10.2021, 18:07:16 - ERROR - Failed to Login Invalid username or password
5.10.2021, 18:10:03 - INFO - Req!!!
5.10.2021, 18:10:05 - INFO - Req!!!
5.10.2021, 18:10:05 - DEBUG - auth.service - login with username: guest
5.10.2021, 18:10:05 - ERROR - Failed to Login Invalid username or password
5.10.2021, 18:15:27 - DEBUG - auth.service - login with username: guest
5.10.2021, 18:15:27 - ERROR - Failed to Login Invalid username or password
5.10.2021, 18:15:36 - INFO - Req!!!
5.10.2021, 18:15:36 - DEBUG - auth.service - login with username: guest
5.10.2021, 18:15:36 - ERROR - Failed to Login Invalid username or password
5.10.2021, 18:16:07 - INFO - Req!!!
5.10.2021, 18:16:08 - DEBUG - auth.service - login with username: guest
5.10.2021, 18:16:08 - ERROR - Failed to Login Invalid username or password
5.10.2021, 18:20:32 - INFO - Req!!!
5.10.2021, 18:20:33 - DEBUG - auth.service - login with username: guest
5.10.2021, 18:20:33 - ERROR - Failed to Login Invalid username or password
5.10.2021, 18:26:38 - DEBUG - auth.service - login with username: guest
5.10.2021, 18:26:38 - ERROR - Failed to Login Invalid username or password
5.10.2021, 18:26:44 - INFO - Req!!!
5.10.2021, 18:26:45 - DEBUG - auth.service - login with username: guest
5.10.2021, 18:26:45 - ERROR - Failed to Login Invalid username or password
5.10.2021, 19:13:46 - INFO - Req!!!
5.10.2021, 19:13:48 - DEBUG - auth.service - login with username: guest
5.10.2021, 19:13:48 - ERROR - Failed to Login Invalid username or password
5.10.2021, 19:14:23 - INFO - Req!!!
5.10.2021, 19:14:25 - DEBUG - auth.service - login with username: guest
5.10.2021, 19:14:25 - ERROR - Failed to Login Invalid username or password
5.10.2021, 19:15:00 - INFO - Req!!!
5.10.2021, 19:15:00 - DEBUG - auth.service - login with username: guest
5.10.2021, 19:15:00 - ERROR - Failed to Login Invalid username or password
5.10.2021, 19:20:39 - INFO - Req!!!
5.10.2021, 19:20:40 - DEBUG - auth.service - login with username: guest
5.10.2021, 19:20:40 - ERROR - Failed to Login Invalid username or password
5.10.2021, 19:25:25 - DEBUG - auth.service - login with username: matan2
5.10.2021, 19:25:25 - INFO - Req!!!
5.10.2021, 19:37:34 - INFO - Req!!!
5.10.2021, 19:37:34 - INFO - Req from: matan2
5.10.2021, 19:39:05 - INFO - Req!!!
5.10.2021, 19:39:05 - INFO - Req from: matan2
5.10.2021, 19:43:06 - INFO - Req!!!
5.10.2021, 19:43:06 - INFO - Req from: matan2
5.10.2021, 20:15:06 - INFO - Req!!!
5.10.2021, 20:15:06 - INFO - Req from: matan2
5.10.2021, 20:16:01 - INFO - Req!!!
5.10.2021, 20:16:01 - INFO - Req from: matan2
5.10.2021, 20:16:32 - INFO - Req!!!
5.10.2021, 20:16:32 - INFO - Req from: matan2
5.10.2021, 20:44:46 - INFO - Req!!!
5.10.2021, 20:44:46 - INFO - Req from: matan2
5.10.2021, 20:45:12 - INFO - Req!!!
5.10.2021, 20:45:12 - INFO - Req from: matan2
5.10.2021, 20:45:15 - INFO - Req!!!
5.10.2021, 20:45:15 - INFO - Req from: matan2
5.10.2021, 20:46:00 - INFO - Req!!!
5.10.2021, 20:46:00 - INFO - Req from: matan2
5.10.2021, 20:47:27 - INFO - Req!!!
5.10.2021, 20:47:27 - INFO - Req from: matan2
5.10.2021, 20:53:32 - INFO - Req!!!
5.10.2021, 20:53:32 - INFO - Req from: matan2
5.10.2021, 21:41:41 - INFO - Req!!!
5.10.2021, 21:41:41 - INFO - Req from: matan2
5.10.2021, 21:41:43 - INFO - Req!!!
5.10.2021, 21:41:43 - INFO - Req from: matan2
5.10.2021, 22:33:31 - INFO - Req!!!
5.10.2021, 22:33:31 - INFO - Req from: matan2
5.10.2021, 22:33:34 - INFO - Req!!!
5.10.2021, 22:33:34 - INFO - Req from: matan2
5.10.2021, 22:33:41 - INFO - Req!!!
5.10.2021, 22:33:41 - INFO - Req from: matan2
5.10.2021, 22:33:43 - INFO - Req!!!
5.10.2021, 22:33:43 - INFO - Req from: matan2
5.10.2021, 22:33:47 - INFO - Req!!!
5.10.2021, 22:33:47 - INFO - Req from: matan2
5.10.2021, 22:33:54 - INFO - Req!!!
5.10.2021, 22:33:54 - INFO - Req from: matan2
5.10.2021, 22:33:57 - INFO - Req!!!
5.10.2021, 22:33:57 - INFO - Req from: matan2
5.10.2021, 22:34:03 - INFO - Req!!!
5.10.2021, 22:34:03 - INFO - Req from: matan2
5.10.2021, 22:34:06 - INFO - Req!!!
5.10.2021, 22:34:06 - INFO - Req from: matan2
5.10.2021, 22:34:11 - INFO - Req!!!
5.10.2021, 22:34:11 - INFO - Req from: matan2
5.10.2021, 22:34:13 - INFO - Req!!!
5.10.2021, 22:34:13 - INFO - Req from: matan2
5.10.2021, 22:34:19 - INFO - Req!!!
5.10.2021, 22:34:19 - INFO - Req from: matan2
5.10.2021, 22:36:01 - INFO - Server is running on port: 3030
5.10.2021, 22:37:09 - INFO - Req!!!
5.10.2021, 22:37:12 - INFO - Req!!!
5.10.2021, 22:37:14 - INFO - Req!!!
5.10.2021, 22:37:34 - INFO - Req!!!
5.10.2021, 22:37:37 - INFO - Req!!!
5.10.2021, 22:38:35 - INFO - Req!!!
5.10.2021, 22:39:04 - INFO - Req!!!
5.10.2021, 22:39:41 - INFO - Req!!!
5.10.2021, 22:39:44 - INFO - Req!!!
5.10.2021, 22:39:45 - INFO - Req!!!
5.10.2021, 22:58:37 - INFO - Server is running on port: 3030
5.10.2021, 22:59:12 - INFO - Server is running on port: 3030
5.10.2021, 22:59:20 - INFO - Server is running on port: 3030
5.10.2021, 23:01:32 - INFO - Server is running on port: 3030
5.10.2021, 23:08:21 - INFO - Req!!!
5.10.2021, 23:08:28 - INFO - Req!!!
5.10.2021, 23:08:32 - INFO - Req!!!
5.10.2021, 23:09:20 - INFO - Req!!!
5.10.2021, 23:11:47 - INFO - Req!!!
5.10.2021, 23:11:50 - INFO - Req!!!
5.10.2021, 23:11:56 - DEBUG - auth.service - login with username: guest
5.10.2021, 23:12:22 - INFO - Req!!!
5.10.2021, 23:12:22 - INFO - Req from: Guest
5.10.2021, 23:14:53 - DEBUG - auth.service - login with username: guest
5.10.2021, 23:15:02 - INFO - Req!!!
5.10.2021, 23:15:02 - INFO - Req from: Guest
5.10.2021, 23:15:05 - INFO - Req!!!
5.10.2021, 23:15:05 - INFO - Req from: Guest
5.10.2021, 23:15:07 - INFO - Req!!!
5.10.2021, 23:15:07 - INFO - Req from: Guest
5.10.2021, 23:15:09 - INFO - Req!!!
5.10.2021, 23:15:09 - INFO - Req from: Guest
5.10.2021, 23:15:11 - INFO - Req!!!
5.10.2021, 23:15:11 - INFO - Req from: Guest
5.10.2021, 23:15:12 - INFO - Req!!!
5.10.2021, 23:15:12 - INFO - Req from: Guest
5.10.2021, 23:15:15 - INFO - Req!!!
5.10.2021, 23:15:15 - INFO - Req from: Guest
5.10.2021, 23:15:16 - INFO - Req!!!
5.10.2021, 23:15:16 - INFO - Req from: Guest
5.10.2021, 23:15:18 - INFO - Req!!!
5.10.2021, 23:15:18 - INFO - Req from: Guest
5.10.2021, 23:15:20 - INFO - Req!!!
5.10.2021, 23:15:20 - INFO - Req from: Guest
5.10.2021, 23:28:41 - INFO - Req!!!
5.10.2021, 23:28:41 - INFO - Req from: Guest
5.10.2021, 23:31:11 - INFO - Req!!!
5.10.2021, 23:31:11 - INFO - Req from: Guest
5.10.2021, 23:31:19 - INFO - Req!!!
5.10.2021, 23:31:19 - INFO - Req from: Guest
5.10.2021, 23:31:21 - INFO - Req!!!
5.10.2021, 23:31:21 - INFO - Req from: Guest
5.10.2021, 23:32:59 - INFO - Req!!!
5.10.2021, 23:32:59 - INFO - Req from: Guest
5.10.2021, 23:33:03 - INFO - Req!!!
5.10.2021, 23:33:03 - INFO - Req from: Guest
5.10.2021, 23:35:42 - INFO - Req!!!
5.10.2021, 23:35:42 - INFO - Req from: Guest
5.10.2021, 23:37:28 - INFO - Req!!!
5.10.2021, 23:37:28 - INFO - Req from: Guest
5.10.2021, 23:37:37 - INFO - Req!!!
5.10.2021, 23:37:37 - INFO - Req from: Guest
5.10.2021, 23:37:38 - INFO - Req!!!
5.10.2021, 23:37:38 - INFO - Req from: Guest
5.10.2021, 23:37:40 - INFO - Req!!!
5.10.2021, 23:37:40 - INFO - Req from: Guest
5.10.2021, 23:37:42 - INFO - Req!!!
5.10.2021, 23:37:42 - INFO - Req from: Guest
5.10.2021, 23:37:44 - INFO - Req!!!
5.10.2021, 23:37:44 - INFO - Req from: Guest
5.10.2021, 23:37:47 - INFO - Req!!!
5.10.2021, 23:37:47 - INFO - Req from: Guest
5.10.2021, 23:38:33 - INFO - Req!!!
5.10.2021, 23:38:33 - INFO - Req from: Guest
5.10.2021, 23:38:49 - INFO - Req!!!
5.10.2021, 23:38:49 - INFO - Req from: Guest
5.10.2021, 23:38:51 - INFO - Req!!!
5.10.2021, 23:38:51 - INFO - Req from: Guest
6.10.2021, 13:25:46 - INFO - Server is running on port: 3030
6.10.2021, 13:25:59 - INFO - Req!!!
6.10.2021, 13:26:25 - DEBUG - auth.service - login with username: guest
6.10.2021, 13:26:42 - INFO - Server is running on port: 3030
6.10.2021, 13:26:46 - INFO - Req!!!
6.10.2021, 13:26:49 - INFO - Req!!!
6.10.2021, 15:54:23 - INFO - Server is running on port: 3030
6.10.2021, 15:55:31 - INFO - Req!!!
6.10.2021, 15:55:34 - DEBUG - auth.service - login with username: guest
6.10.2021, 16:15:01 - INFO - Req!!!
6.10.2021, 16:15:01 - INFO - Req from: Guest
6.10.2021, 19:12:20 - INFO - Req!!!
6.10.2021, 19:12:20 - INFO - Req from: Guest
6.10.2021, 20:04:35 - INFO - Req!!!
6.10.2021, 20:04:35 - INFO - Req from: Guest
6.10.2021, 20:04:41 - INFO - Req!!!
6.10.2021, 20:04:41 - INFO - Req from: Guest
6.10.2021, 20:07:03 - INFO - Req!!!
6.10.2021, 20:07:03 - INFO - Req from: Guest
6.10.2021, 20:07:05 - INFO - Req!!!
6.10.2021, 20:07:05 - INFO - Req from: Guest
6.10.2021, 20:08:15 - INFO - Req!!!
6.10.2021, 20:08:15 - INFO - Req from: Guest
6.10.2021, 20:08:17 - INFO - Req!!!
6.10.2021, 20:08:17 - INFO - Req from: Guest
6.10.2021, 20:11:01 - INFO - Req!!!
6.10.2021, 20:11:01 - INFO - Req from: Guest
6.10.2021, 20:11:03 - INFO - Req!!!
6.10.2021, 20:11:03 - INFO - Req from: Guest
6.10.2021, 20:11:18 - INFO - Req!!!
6.10.2021, 20:11:18 - INFO - Req from: Guest
6.10.2021, 20:11:21 - INFO - Req!!!
6.10.2021, 20:11:21 - INFO - Req from: Guest
6.10.2021, 20:11:59 - INFO - Req!!!
6.10.2021, 20:11:59 - INFO - Req from: Guest
6.10.2021, 20:12:00 - INFO - Req!!!
6.10.2021, 20:12:00 - INFO - Req from: Guest
6.10.2021, 20:15:57 - INFO - Req!!!
6.10.2021, 20:15:57 - INFO - Req from: Guest
6.10.2021, 20:15:59 - INFO - Req!!!
6.10.2021, 20:15:59 - INFO - Req from: Guest
6.10.2021, 20:23:58 - INFO - Req!!!
6.10.2021, 20:23:58 - INFO - Req from: Guest
6.10.2021, 20:24:06 - INFO - Req!!!
6.10.2021, 20:24:06 - INFO - Req from: Guest
6.10.2021, 21:56:20 - INFO - Req!!!
6.10.2021, 21:56:20 - INFO - Req from: Guest
6.10.2021, 21:56:27 - INFO - Req!!!
6.10.2021, 21:56:27 - INFO - Req from: Guest
6.10.2021, 22:09:41 - INFO - Req!!!
6.10.2021, 22:09:41 - INFO - Req from: Guest
6.10.2021, 22:09:44 - INFO - Req!!!
6.10.2021, 22:09:44 - INFO - Req from: Guest
6.10.2021, 22:10:59 - INFO - Req!!!
6.10.2021, 22:10:59 - INFO - Req from: Guest
6.10.2021, 22:12:38 - INFO - Req!!!
6.10.2021, 22:12:38 - INFO - Req from: Guest
6.10.2021, 22:16:58 - INFO - Req!!!
6.10.2021, 22:16:58 - INFO - Req from: Guest
6.10.2021, 22:27:17 - INFO - Req!!!
6.10.2021, 22:27:17 - INFO - Req from: Guest
6.10.2021, 22:28:17 - INFO - Server is running on port: 3030
6.10.2021, 22:29:52 - INFO - Req!!!
6.10.2021, 22:29:56 - DEBUG - auth.service - login with username: guest
6.10.2021, 22:31:58 - INFO - Req!!!
6.10.2021, 22:31:58 - INFO - Req from: Guest
6.10.2021, 22:32:01 - INFO - Req!!!
6.10.2021, 22:32:01 - INFO - Req from: Guest
6.10.2021, 22:33:21 - INFO - Req!!!
6.10.2021, 22:33:21 - INFO - Req from: Guest
6.10.2021, 22:33:35 - INFO - Req!!!
6.10.2021, 22:33:35 - INFO - Req from: Guest
6.10.2021, 22:33:36 - DEBUG - auth.service - login with username: guest
6.10.2021, 22:36:19 - INFO - Req!!!
6.10.2021, 22:36:19 - INFO - Req from: Guest
6.10.2021, 22:37:09 - DEBUG - auth.service - login with username: guest
6.10.2021, 22:38:07 - INFO - Req!!!
6.10.2021, 22:38:07 - INFO - Req from: Guest
6.10.2021, 22:39:09 - INFO - Req!!!
6.10.2021, 22:39:09 - INFO - Req from: Guest
6.10.2021, 22:43:38 - INFO - Req!!!
6.10.2021, 22:43:38 - INFO - Req from: Guest
6.10.2021, 22:43:45 - INFO - Req!!!
6.10.2021, 22:43:45 - INFO - Req from: Guest
6.10.2021, 22:44:12 - INFO - Req!!!
6.10.2021, 22:44:12 - INFO - Req from: Guest
6.10.2021, 22:44:15 - INFO - Req!!!
6.10.2021, 22:44:15 - INFO - Req from: Guest
6.10.2021, 22:44:16 - INFO - Req!!!
6.10.2021, 22:44:16 - INFO - Req from: Guest
6.10.2021, 22:44:18 - INFO - Req!!!
6.10.2021, 22:44:18 - INFO - Req from: Guest
6.10.2021, 22:45:13 - INFO - Req!!!
6.10.2021, 22:45:13 - INFO - Req from: Guest
6.10.2021, 22:45:17 - INFO - Req!!!
6.10.2021, 22:45:17 - INFO - Req from: Guest
6.10.2021, 22:49:11 - INFO - Req!!!
6.10.2021, 22:49:11 - INFO - Req from: Guest
6.10.2021, 22:49:16 - INFO - Req!!!
6.10.2021, 22:49:16 - INFO - Req from: Guest
6.10.2021, 22:49:18 - INFO - Req!!!
6.10.2021, 22:49:18 - INFO - Req from: Guest
6.10.2021, 22:51:05 - INFO - Req!!!
6.10.2021, 22:51:05 - INFO - Req from: Guest
6.10.2021, 22:51:50 - INFO - Req!!!
6.10.2021, 22:51:50 - INFO - Req from: Guest
6.10.2021, 22:51:51 - INFO - Req!!!
6.10.2021, 22:51:51 - INFO - Req from: Guest
6.10.2021, 22:52:36 - INFO - Req!!!
6.10.2021, 22:52:36 - INFO - Req from: Guest
6.10.2021, 22:55:23 - INFO - Req!!!
6.10.2021, 22:55:26 - DEBUG - auth.service - login with username: guest
6.10.2021, 22:56:34 - INFO - Req!!!
6.10.2021, 22:56:34 - INFO - Req from: Guest
6.10.2021, 22:56:37 - INFO - Req!!!
6.10.2021, 22:56:37 - INFO - Req from: Guest
6.10.2021, 22:58:53 - INFO - Req!!!
6.10.2021, 22:58:53 - INFO - Req from: Guest
6.10.2021, 22:59:01 - INFO - Req!!!
6.10.2021, 22:59:01 - INFO - Req from: Guest
6.10.2021, 22:59:04 - INFO - Req!!!
6.10.2021, 22:59:04 - INFO - Req from: Guest
6.10.2021, 23:00:21 - INFO - Req!!!
6.10.2021, 23:00:21 - INFO - Req from: Guest
6.10.2021, 23:00:21 - INFO - Req!!!
6.10.2021, 23:00:21 - INFO - Req from: Guest
6.10.2021, 23:00:22 - INFO - Req!!!
6.10.2021, 23:00:22 - INFO - Req from: Guest
6.10.2021, 23:03:45 - INFO - Req!!!
6.10.2021, 23:03:45 - INFO - Req from: Guest
6.10.2021, 23:04:01 - INFO - Req!!!
6.10.2021, 23:04:01 - INFO - Req from: Guest
6.10.2021, 23:10:23 - INFO - Req!!!
6.10.2021, 23:10:23 - INFO - Req from: Guest
6.10.2021, 23:12:02 - INFO - Req!!!
6.10.2021, 23:12:02 - INFO - Req from: Guest
6.10.2021, 23:12:39 - INFO - Req!!!
6.10.2021, 23:12:39 - INFO - Req from: Guest
7.10.2021, 11:18:56 - INFO - Req!!!
7.10.2021, 11:18:56 - INFO - Req from: Guest
7.10.2021, 11:18:56 - INFO - Req!!!
7.10.2021, 11:18:56 - INFO - Req from: Guest
7.10.2021, 11:18:58 - INFO - Req!!!
7.10.2021, 11:18:58 - INFO - Req from: Guest
7.10.2021, 11:19:01 - INFO - Req!!!
7.10.2021, 11:19:01 - INFO - Req from: Guest
7.10.2021, 11:19:01 - INFO - Req!!!
7.10.2021, 11:19:01 - INFO - Req from: Guest
7.10.2021, 11:19:14 - INFO - Req!!!
7.10.2021, 11:19:14 - INFO - Req from: Guest
7.10.2021, 11:35:49 - INFO - Req!!!
7.10.2021, 11:35:49 - INFO - Req from: Guest
7.10.2021, 12:12:15 - INFO - Req!!!
7.10.2021, 12:12:15 - INFO - Req from: Guest
7.10.2021, 12:13:27 - INFO - Req!!!
7.10.2021, 12:13:27 - INFO - Req from: Guest
7.10.2021, 12:16:03 - INFO - Req!!!
7.10.2021, 12:16:03 - INFO - Req from: Guest
7.10.2021, 13:04:02 - INFO - Req!!!
7.10.2021, 13:04:02 - INFO - Req from: Guest
7.10.2021, 13:04:05 - INFO - Req!!!
7.10.2021, 13:04:05 - INFO - Req from: Guest
7.10.2021, 13:04:35 - INFO - Req!!!
7.10.2021, 13:04:35 - INFO - Req from: Guest
7.10.2021, 13:19:21 - INFO - Req!!!
7.10.2021, 13:19:21 - INFO - Req from: Guest
7.10.2021, 13:19:41 - DEBUG - auth.service - login with username: matan 
7.10.2021, 13:19:41 - ERROR - Failed to Login Invalid username or password
7.10.2021, 13:19:41 - INFO - Req!!!
7.10.2021, 13:19:49 - DEBUG - auth.service - login with username: matan
7.10.2021, 13:19:49 - INFO - Req!!!
7.10.2021, 13:46:39 - INFO - Req!!!
7.10.2021, 13:46:39 - INFO - Req from: Matan
7.10.2021, 13:46:43 - INFO - Req!!!
7.10.2021, 13:46:43 - INFO - Req from: Matan
7.10.2021, 16:43:32 - DEBUG - auth.service - login with username: guest
7.10.2021, 16:43:45 - DEBUG - auth.service - login with username: matan
7.10.2021, 16:43:45 - INFO - Req!!!
7.10.2021, 17:32:14 - INFO - Req!!!
7.10.2021, 17:32:16 - INFO - Req!!!
7.10.2021, 17:32:21 - INFO - Req!!!
7.10.2021, 17:32:26 - INFO - Req!!!
7.10.2021, 17:34:16 - INFO - Req!!!
7.10.2021, 17:34:19 - INFO - Req!!!
7.10.2021, 17:41:21 - INFO - Req!!!
7.10.2021, 17:41:25 - INFO - Req!!!
7.10.2021, 17:48:38 - INFO - Req!!!
7.10.2021, 17:52:27 - INFO - Req!!!
7.10.2021, 17:52:45 - INFO - Req!!!
7.10.2021, 17:52:54 - DEBUG - auth.service - login with username: matan
7.10.2021, 17:52:54 - ERROR - Failed to Login Invalid username or password
7.10.2021, 17:52:54 - INFO - Req!!!
7.10.2021, 17:52:55 - DEBUG - auth.service - login with username: guest
7.10.2021, 17:52:55 - ERROR - Failed to Login Invalid username or password
7.10.2021, 17:53:04 - DEBUG - auth.service - login with username: matan
7.10.2021, 17:53:04 - ERROR - Failed to Login Invalid username or password
7.10.2021, 17:53:04 - INFO - Req!!!
7.10.2021, 17:53:05 - DEBUG - auth.service - login with username: guest
7.10.2021, 17:53:05 - ERROR - Failed to Login Invalid username or password
7.10.2021, 17:53:07 - INFO - Req!!!
7.10.2021, 17:53:12 - DEBUG - auth.service - login with username: matan
7.10.2021, 17:53:12 - ERROR - Failed to Login Invalid username or password
7.10.2021, 17:53:12 - INFO - Req!!!
7.10.2021, 17:53:48 - INFO - Req!!!
7.10.2021, 17:53:51 - INFO - Req!!!
7.10.2021, 17:53:57 - DEBUG - auth.service - login with username: matan
7.10.2021, 17:53:57 - INFO - Req!!!
7.10.2021, 18:05:29 - INFO - Req!!!
7.10.2021, 18:05:29 - INFO - Req from: Matan
7.10.2021, 18:08:04 - INFO - Req!!!
7.10.2021, 18:08:04 - INFO - Req from: Matan
7.10.2021, 18:08:06 - INFO - Req!!!
7.10.2021, 18:08:06 - INFO - Req from: Matan
7.10.2021, 18:12:05 - INFO - Req!!!
7.10.2021, 18:12:05 - INFO - Req from: Matan
7.10.2021, 18:12:07 - INFO - Req!!!
7.10.2021, 18:12:07 - INFO - Req from: Matan
7.10.2021, 18:13:33 - INFO - Req!!!
7.10.2021, 18:13:33 - INFO - Req from: Matan
7.10.2021, 18:13:33 - DEBUG - auth.service - login with username: guest
7.10.2021, 18:28:12 - INFO - Req!!!
7.10.2021, 18:28:12 - INFO - Req from: Guest
7.10.2021, 18:28:14 - INFO - Req!!!
7.10.2021, 18:28:14 - INFO - Req from: Guest
7.10.2021, 18:55:29 - INFO - Req!!!
7.10.2021, 18:55:29 - INFO - Req from: Guest
7.10.2021, 18:55:32 - INFO - Req!!!
7.10.2021, 18:55:32 - INFO - Req from: Guest
7.10.2021, 18:55:49 - DEBUG - auth.service - login with username: matan
7.10.2021, 18:55:49 - INFO - Req!!!
7.10.2021, 18:55:57 - INFO - Req!!!
7.10.2021, 18:55:57 - INFO - Req from: Matan
7.10.2021, 18:56:03 - DEBUG - auth.service - login with username: matan
7.10.2021, 18:56:03 - INFO - Req!!!
7.10.2021, 18:57:42 - INFO - Req!!!
7.10.2021, 18:57:42 - INFO - Req from: Matan
7.10.2021, 18:57:45 - INFO - Req!!!
7.10.2021, 18:57:45 - INFO - Req from: Matan
7.10.2021, 19:00:55 - INFO - Req!!!
7.10.2021, 19:00:55 - INFO - Req from: Matan
7.10.2021, 19:00:57 - INFO - Req!!!
7.10.2021, 19:00:57 - INFO - Req from: Matan
7.10.2021, 19:01:36 - INFO - Req!!!
7.10.2021, 19:01:36 - INFO - Req from: Matan
7.10.2021, 19:01:38 - INFO - Req!!!
7.10.2021, 19:01:38 - INFO - Req from: Matan
7.10.2021, 19:15:19 - INFO - Req!!!
7.10.2021, 19:15:19 - INFO - Req from: Matan
7.10.2021, 19:21:15 - INFO - Req!!!
7.10.2021, 19:21:15 - INFO - Req from: Matan
7.10.2021, 19:35:14 - INFO - Req!!!
7.10.2021, 19:35:14 - INFO - Req from: Matan
7.10.2021, 19:58:21 - INFO - Req!!!
7.10.2021, 19:58:21 - INFO - Req from: Matan
7.10.2021, 19:58:47 - INFO - Req!!!
7.10.2021, 19:58:47 - INFO - Req from: Matan
7.10.2021, 20:02:58 - INFO - Req!!!
7.10.2021, 20:02:58 - INFO - Req from: Matan
7.10.2021, 20:03:01 - INFO - Req!!!
7.10.2021, 20:03:01 - INFO - Req from: Matan
7.10.2021, 20:03:46 - INFO - Req!!!
7.10.2021, 20:03:46 - INFO - Req from: Matan
7.10.2021, 20:03:48 - INFO - Req!!!
7.10.2021, 20:03:48 - INFO - Req from: Matan
7.10.2021, 20:20:48 - INFO - Req!!!
7.10.2021, 20:20:48 - INFO - Req from: Matan
7.10.2021, 20:20:51 - INFO - Req!!!
7.10.2021, 20:20:51 - INFO - Req from: Matan
7.10.2021, 21:23:15 - INFO - Req!!!
7.10.2021, 21:23:15 - INFO - Req from: Matan
7.10.2021, 21:24:37 - INFO - Req!!!
7.10.2021, 21:24:37 - INFO - Req from: Matan
7.10.2021, 21:24:42 - INFO - Req!!!
7.10.2021, 21:24:42 - INFO - Req from: Matan
7.10.2021, 21:24:43 - INFO - Req!!!
7.10.2021, 21:24:43 - INFO - Req from: Matan
7.10.2021, 21:30:05 - INFO - Req!!!
7.10.2021, 21:30:05 - INFO - Req from: Matan
7.10.2021, 21:30:10 - INFO - Req!!!
7.10.2021, 21:30:10 - INFO - Req from: Matan
7.10.2021, 21:30:39 - INFO - Req!!!
7.10.2021, 21:30:39 - INFO - Req from: Matan
7.10.2021, 21:35:06 - INFO - Req!!!
7.10.2021, 21:35:06 - INFO - Req from: Matan
7.10.2021, 21:35:16 - INFO - Req!!!
7.10.2021, 21:35:16 - INFO - Req from: Matan
7.10.2021, 21:35:47 - INFO - Req!!!
7.10.2021, 21:35:47 - INFO - Req from: Matan
7.10.2021, 21:35:55 - INFO - Req!!!
7.10.2021, 21:35:55 - INFO - Req from: Matan
7.10.2021, 21:36:07 - INFO - Req!!!
7.10.2021, 21:36:07 - INFO - Req from: Matan
7.10.2021, 21:36:33 - INFO - Req!!!
7.10.2021, 21:36:33 - INFO - Req from: Matan
7.10.2021, 21:36:42 - INFO - Req!!!
7.10.2021, 21:36:42 - INFO - Req from: Matan
7.10.2021, 21:38:56 - INFO - Req!!!
7.10.2021, 21:38:56 - INFO - Req from: Matan
7.10.2021, 21:38:59 - INFO - Req!!!
7.10.2021, 21:38:59 - INFO - Req from: Matan
7.10.2021, 21:39:06 - INFO - Req!!!
7.10.2021, 21:39:06 - INFO - Req from: Matan
7.10.2021, 21:39:14 - INFO - Req!!!
7.10.2021, 21:39:14 - INFO - Req from: Matan
7.10.2021, 21:57:58 - INFO - Req!!!
7.10.2021, 21:57:58 - INFO - Req from: Matan
7.10.2021, 21:58:00 - INFO - Req!!!
7.10.2021, 21:58:00 - INFO - Req from: Matan
7.10.2021, 21:58:19 - INFO - Req!!!
7.10.2021, 21:58:19 - INFO - Req from: Matan
7.10.2021, 22:01:19 - INFO - Req!!!
7.10.2021, 22:01:19 - INFO - Req from: Matan
7.10.2021, 22:01:21 - INFO - Req!!!
7.10.2021, 22:01:21 - INFO - Req from: Matan
8.10.2021, 11:11:29 - INFO - Req!!!
8.10.2021, 11:11:29 - INFO - Req from: Matan
8.10.2021, 11:11:30 - DEBUG - auth.service - login with username: guest
8.10.2021, 11:12:23 - INFO - Req!!!
8.10.2021, 11:12:23 - INFO - Req from: Guest
8.10.2021, 11:13:55 - INFO - Req!!!
8.10.2021, 11:13:55 - INFO - Req from: Guest
8.10.2021, 16:03:54 - INFO - Req!!!
8.10.2021, 16:03:54 - INFO - Req from: Guest
8.10.2021, 16:05:47 - INFO - Req!!!
8.10.2021, 16:05:47 - INFO - Req from: Guest
8.10.2021, 16:05:51 - DEBUG - auth.service - login with username: guest
9.10.2021, 13:04:11 - INFO - Req!!!
9.10.2021, 13:04:11 - INFO - Req from: Guest
9.10.2021, 13:07:53 - INFO - Req!!!
9.10.2021, 13:07:53 - INFO - Req from: Guest
9.10.2021, 13:10:03 - INFO - Req!!!
9.10.2021, 13:10:03 - INFO - Req from: Guest
9.10.2021, 13:53:23 - INFO - Req!!!
9.10.2021, 13:53:23 - INFO - Req from: Guest
9.10.2021, 13:53:31 - INFO - Req!!!
9.10.2021, 13:53:31 - DEBUG - auth.service - login with username: matan
9.10.2021, 14:23:37 - INFO - Req!!!
9.10.2021, 14:23:37 - INFO - Req from: Matan
9.10.2021, 14:45:55 - INFO - Req!!!
9.10.2021, 14:45:55 - INFO - Req from: Matan
9.10.2021, 15:03:48 - INFO - Req!!!
9.10.2021, 15:03:48 - INFO - Req from: Matan
9.10.2021, 15:03:50 - INFO - Req!!!
9.10.2021, 15:03:50 - INFO - Req from: Matan
9.10.2021, 15:04:58 - INFO - Req!!!
9.10.2021, 15:04:58 - INFO - Req from: Matan
9.10.2021, 15:05:01 - INFO - Req!!!
9.10.2021, 15:05:01 - INFO - Req from: Matan
9.10.2021, 15:05:08 - INFO - Req!!!
9.10.2021, 15:05:08 - INFO - Req from: Matan
9.10.2021, 15:05:14 - INFO - Req!!!
9.10.2021, 15:05:14 - INFO - Req from: Matan
9.10.2021, 15:14:07 - INFO - Req!!!
9.10.2021, 15:14:07 - INFO - Req from: Matan
9.10.2021, 15:14:10 - INFO - Req!!!
9.10.2021, 15:14:10 - INFO - Req from: Matan
9.10.2021, 15:16:53 - INFO - Req!!!
9.10.2021, 15:16:53 - INFO - Req from: Matan
9.10.2021, 15:22:09 - INFO - Req!!!
9.10.2021, 15:22:09 - INFO - Req from: Matan
9.10.2021, 15:22:19 - INFO - Req!!!
9.10.2021, 15:22:19 - INFO - Req from: Matan
9.10.2021, 15:23:01 - INFO - Req!!!
9.10.2021, 15:23:01 - INFO - Req from: Matan
9.10.2021, 15:26:10 - INFO - Req!!!
9.10.2021, 15:26:10 - INFO - Req from: Matan
9.10.2021, 15:26:12 - INFO - Req!!!
9.10.2021, 15:26:12 - INFO - Req from: Matan
9.10.2021, 15:26:18 - INFO - Req!!!
9.10.2021, 15:26:18 - INFO - Req from: Matan
9.10.2021, 15:26:37 - INFO - Req!!!
9.10.2021, 15:26:37 - INFO - Req from: Matan
9.10.2021, 15:26:42 - INFO - Req!!!
9.10.2021, 15:26:42 - INFO - Req from: Matan
9.10.2021, 15:27:24 - INFO - Req!!!
9.10.2021, 15:27:24 - INFO - Req from: Matan
9.10.2021, 15:27:27 - INFO - Req!!!
9.10.2021, 15:27:27 - INFO - Req from: Matan
9.10.2021, 15:27:29 - INFO - Req!!!
9.10.2021, 15:27:29 - INFO - Req from: Matan
9.10.2021, 15:28:52 - INFO - Req!!!
9.10.2021, 15:28:52 - INFO - Req from: Matan
9.10.2021, 15:28:54 - INFO - Req!!!
9.10.2021, 15:28:54 - INFO - Req from: Matan
9.10.2021, 15:29:00 - INFO - Req!!!
9.10.2021, 15:29:00 - INFO - Req from: Matan
9.10.2021, 15:29:53 - INFO - Req!!!
9.10.2021, 15:29:53 - INFO - Req from: Matan
9.10.2021, 15:30:24 - INFO - Req!!!
9.10.2021, 15:30:24 - INFO - Req from: Matan
9.10.2021, 15:30:26 - INFO - Req!!!
9.10.2021, 15:30:26 - INFO - Req from: Matan
9.10.2021, 15:30:41 - INFO - Req!!!
9.10.2021, 15:30:41 - INFO - Req from: Matan
9.10.2021, 15:31:24 - INFO - Req!!!
9.10.2021, 15:31:24 - INFO - Req from: Matan
9.10.2021, 15:31:37 - INFO - Req!!!
9.10.2021, 15:31:37 - INFO - Req from: Matan
9.10.2021, 15:33:08 - INFO - Req!!!
9.10.2021, 15:33:08 - INFO - Req from: Matan
9.10.2021, 15:33:11 - INFO - Req!!!
9.10.2021, 15:33:11 - INFO - Req from: Matan
9.10.2021, 15:41:35 - INFO - Req!!!
9.10.2021, 15:41:35 - INFO - Req from: Matan
9.10.2021, 15:41:41 - INFO - Req!!!
9.10.2021, 15:41:41 - INFO - Req from: Matan
9.10.2021, 15:43:30 - INFO - Req!!!
9.10.2021, 15:43:30 - INFO - Req from: Matan
9.10.2021, 15:45:10 - INFO - Req!!!
9.10.2021, 15:45:10 - INFO - Req from: Matan
9.10.2021, 15:45:46 - INFO - Req!!!
9.10.2021, 15:45:46 - INFO - Req from: Matan
9.10.2021, 15:45:50 - INFO - Req!!!
9.10.2021, 15:45:50 - INFO - Req from: Matan
9.10.2021, 15:47:01 - INFO - Req!!!
9.10.2021, 15:47:01 - INFO - Req from: Matan
9.10.2021, 15:48:52 - INFO - Req!!!
9.10.2021, 15:48:52 - INFO - Req from: Matan
9.10.2021, 15:48:55 - INFO - Req!!!
9.10.2021, 15:48:55 - INFO - Req from: Matan
9.10.2021, 15:48:57 - INFO - Req!!!
9.10.2021, 15:48:57 - INFO - Req from: Matan
9.10.2021, 16:42:24 - INFO - Req!!!
9.10.2021, 16:42:24 - INFO - Req from: Matan
9.10.2021, 16:42:37 - INFO - Req!!!
9.10.2021, 16:42:37 - INFO - Req from: Matan
9.10.2021, 16:42:39 - INFO - Req!!!
9.10.2021, 16:42:39 - INFO - Req from: Matan
9.10.2021, 16:44:01 - INFO - Req!!!
9.10.2021, 16:44:01 - INFO - Req from: Matan
9.10.2021, 16:45:49 - INFO - Req!!!
9.10.2021, 16:45:49 - INFO - Req from: Matan
9.10.2021, 16:48:08 - INFO - Req!!!
9.10.2021, 16:48:08 - INFO - Req from: Matan
9.10.2021, 16:48:12 - INFO - Req!!!
9.10.2021, 16:48:12 - INFO - Req from: Matan
9.10.2021, 16:53:51 - INFO - Req!!!
9.10.2021, 16:53:51 - INFO - Req from: Matan
9.10.2021, 16:53:56 - INFO - Req!!!
9.10.2021, 16:53:56 - INFO - Req from: Matan
9.10.2021, 16:54:02 - INFO - Req!!!
9.10.2021, 16:54:02 - INFO - Req from: Matan
9.10.2021, 16:54:06 - INFO - Req!!!
9.10.2021, 16:54:06 - INFO - Req from: Matan
9.10.2021, 16:57:39 - INFO - Req!!!
9.10.2021, 16:57:39 - INFO - Req from: Matan
9.10.2021, 16:57:42 - INFO - Req!!!
9.10.2021, 16:57:42 - INFO - Req from: Matan
9.10.2021, 16:57:44 - INFO - Req!!!
9.10.2021, 16:57:44 - INFO - Req from: Matan
9.10.2021, 17:11:19 - INFO - Req!!!
9.10.2021, 17:11:19 - INFO - Req from: Matan
9.10.2021, 17:11:36 - INFO - Req!!!
9.10.2021, 17:11:36 - INFO - Req from: Matan
9.10.2021, 17:12:19 - INFO - Req!!!
9.10.2021, 17:12:19 - INFO - Req from: Matan
9.10.2021, 17:12:23 - INFO - Req!!!
9.10.2021, 17:12:23 - INFO - Req from: Matan
9.10.2021, 17:12:25 - INFO - Req!!!
9.10.2021, 17:12:25 - INFO - Req from: Matan
9.10.2021, 17:12:26 - INFO - Req!!!
9.10.2021, 17:12:26 - INFO - Req from: Matan
9.10.2021, 17:12:28 - INFO - Req!!!
9.10.2021, 17:12:28 - INFO - Req from: Matan
9.10.2021, 17:12:41 - INFO - Req!!!
9.10.2021, 17:12:41 - INFO - Req from: Matan
9.10.2021, 17:22:56 - INFO - Req!!!
9.10.2021, 17:22:56 - INFO - Req from: Matan
9.10.2021, 17:23:15 - INFO - Req!!!
9.10.2021, 17:23:15 - INFO - Req from: Matan
9.10.2021, 21:03:35 - INFO - Req!!!
9.10.2021, 21:03:35 - INFO - Req from: Matan
10.10.2021, 0:14:44 - INFO - Server is running on port: 3030
10.10.2021, 10:22:01 - INFO - Server is running on port: 3030
10.10.2021, 10:23:02 - INFO - Req!!!
10.10.2021, 10:23:03 - DEBUG - auth.service - login with username: guest
10.10.2021, 10:23:05 - INFO - Req!!!
10.10.2021, 10:23:05 - INFO - Req from: Guest
10.10.2021, 10:36:22 - INFO - Req!!!
10.10.2021, 10:36:22 - INFO - Req from: Guest
10.10.2021, 10:37:10 - INFO - Req!!!
10.10.2021, 10:37:10 - INFO - Req from: Guest
10.10.2021, 10:37:19 - INFO - Req!!!
10.10.2021, 10:37:19 - INFO - Req from: Guest
10.10.2021, 10:37:44 - INFO - Req!!!
10.10.2021, 10:37:44 - INFO - Req from: Guest
10.10.2021, 10:37:45 - INFO - Req!!!
10.10.2021, 10:37:45 - INFO - Req from: Guest
10.10.2021, 10:40:51 - INFO - Req!!!
10.10.2021, 10:40:51 - INFO - Req from: Guest
10.10.2021, 10:43:42 - INFO - Req!!!
10.10.2021, 10:43:42 - INFO - Req from: Guest
10.10.2021, 10:57:41 - INFO - Server is running on port: 3030
10.10.2021, 12:58:55 - INFO - Req!!!
10.10.2021, 12:58:57 - DEBUG - auth.service - login with username: guest
10.10.2021, 12:59:23 - INFO - Server is running on port: 3030
10.10.2021, 12:59:31 - INFO - Req!!!
10.10.2021, 13:03:36 - INFO - Server is running on port: 3030
10.10.2021, 13:04:07 - INFO - Req!!!
11.10.2021, 14:03:41 - INFO - Server is running on port: 3030
11.10.2021, 14:14:31 - INFO - Server is running on port: 3030
11.10.2021, 14:42:32 - INFO - Req!!!
11.10.2021, 14:42:34 - DEBUG - auth.service - login with username: guest
11.10.2021, 14:42:35 - INFO - Req!!!
11.10.2021, 14:42:35 - INFO - Req from: Guest
11.10.2021, 14:44:16 - INFO - Req!!!
11.10.2021, 14:44:16 - INFO - Req from: Guest
11.10.2021, 14:44:19 - INFO - Req!!!
11.10.2021, 14:44:19 - INFO - Req from: Guest
11.10.2021, 14:44:21 - INFO - Req!!!
11.10.2021, 14:44:21 - INFO - Req from: Guest
11.10.2021, 14:46:16 - INFO - Req!!!
11.10.2021, 14:46:16 - INFO - Req from: Guest
11.10.2021, 14:47:36 - INFO - Req!!!
11.10.2021, 14:47:36 - INFO - Req from: Guest
11.10.2021, 14:48:50 - INFO - Req!!!
11.10.2021, 14:48:50 - INFO - Req from: Guest
11.10.2021, 14:49:18 - INFO - Req!!!
11.10.2021, 14:49:18 - INFO - Req from: Guest
11.10.2021, 15:03:09 - INFO - Req!!!
11.10.2021, 15:03:09 - INFO - Req from: Guest
11.10.2021, 15:07:06 - INFO - Req!!!
11.10.2021, 15:07:06 - INFO - Req from: Guest
11.10.2021, 15:09:43 - INFO - Req!!!
11.10.2021, 15:09:43 - INFO - Req from: Guest
11.10.2021, 15:13:37 - INFO - Req!!!
11.10.2021, 15:13:37 - INFO - Req from: Guest
11.10.2021, 15:13:41 - INFO - Req!!!
11.10.2021, 15:13:41 - INFO - Req from: Guest
11.10.2021, 15:16:15 - INFO - Req!!!
11.10.2021, 15:16:15 - INFO - Req from: Guest
11.10.2021, 15:30:39 - INFO - Req!!!
11.10.2021, 15:30:39 - INFO - Req from: Guest
11.10.2021, 15:35:13 - INFO - Req!!!
11.10.2021, 15:35:13 - INFO - Req from: Guest
11.10.2021, 15:36:04 - INFO - Req!!!
11.10.2021, 15:36:04 - INFO - Req from: Guest
11.10.2021, 15:36:05 - DEBUG - auth.service - login with username: guest
11.10.2021, 15:39:35 - INFO - Req!!!
11.10.2021, 15:39:35 - INFO - Req from: Guest
11.10.2021, 15:41:13 - INFO - Req!!!
11.10.2021, 15:41:13 - INFO - Req from: Guest
11.10.2021, 15:42:24 - INFO - Req!!!
11.10.2021, 15:42:24 - INFO - Req from: Guest
11.10.2021, 16:05:09 - INFO - Req!!!
11.10.2021, 16:05:09 - INFO - Req from: Guest
11.10.2021, 16:06:24 - INFO - Req!!!
11.10.2021, 16:06:24 - INFO - Req from: Guest
11.10.2021, 16:07:17 - INFO - Req!!!
11.10.2021, 16:07:17 - INFO - Req from: Guest
11.10.2021, 16:07:21 - INFO - Req!!!
11.10.2021, 16:07:21 - INFO - Req from: Guest
11.10.2021, 16:07:33 - INFO - Req!!!
11.10.2021, 16:07:33 - INFO - Req from: Guest
11.10.2021, 16:07:52 - INFO - Server is running on port: 3030
11.10.2021, 16:07:59 - INFO - Req!!!
11.10.2021, 16:08:29 - INFO - Req!!!
11.10.2021, 16:09:11 - INFO - Req!!!
11.10.2021, 16:11:17 - INFO - Req!!!
11.10.2021, 16:11:22 - INFO - Req!!!
11.10.2021, 16:12:13 - INFO - Server is running on port: 3030
11.10.2021, 16:12:18 - INFO - Req!!!
11.10.2021, 16:12:19 - INFO - Req!!!
11.10.2021, 18:39:53 - INFO - Server is running on port: 3030
11.10.2021, 23:08:02 - INFO - Req!!!
11.10.2021, 23:08:06 - INFO - Req!!!
11.10.2021, 23:10:22 - INFO - Req!!!
11.10.2021, 23:10:30 - DEBUG - auth.service - login with username: guest
11.10.2021, 23:17:00 - INFO - Server is running on port: 3030
11.10.2021, 23:21:28 - INFO - Req!!!
12.10.2021, 16:04:45 - INFO - Req!!!
13.10.2021, 15:56:23 - INFO - Server is running on port: 3030
8.2.2022, 15:09:30 - INFO - Server is running on port: 3030
8.2.2022, 15:10:17 - INFO - Req!!!
8.2.2022, 15:11:23 - INFO - Server is running on port: 3030
8.2.2022, 15:11:29 - INFO - Req!!!
8.2.2022, 15:11:47 - INFO - Server is running on port: 3030
8.2.2022, 15:11:52 - INFO - Req!!!
8.3.2022, 21:26:56 - INFO - Server is running on port: 3030
